<?xml version="1.0" encoding="UTF-8"?>
<!-- Generated by org.testng.reporters.JUnitXMLReporter -->
<testsuite ignored="0" hostname="DESKTOP-GA3FTFK" failures="1" tests="4" name="Test" time="38.534" errors="0" timestamp="2023-06-08T09:22:11 IST">
  <testcase classname="ashokitmaven.ashokitmaven.TestClass" name="readDataFromExcel" time="3.621">
    <failure type="java.lang.NoSuchFieldError" message="Factory">
      <![CDATA[java.lang.NoSuchFieldError: Factory
at org.apache.poi.xssf.model.ThemesTable.readFrom(ThemesTable.java:119)
at org.apache.poi.xssf.model.ThemesTable.<init>(ThemesTable.java:87)
at org.apache.poi.ooxml.POIXMLFactory.createDocumentPart(POIXMLFactory.java:61)
at org.apache.poi.ooxml.POIXMLDocumentPart.read(POIXMLDocumentPart.java:661)
at org.apache.poi.ooxml.POIXMLDocument.load(POIXMLDocument.java:165)
at org.apache.poi.xssf.usermodel.XSSFWorkbook.<init>(XSSFWorkbook.java:260)
at org.apache.poi.xssf.usermodel.XSSFWorkbook.<init>(XSSFWorkbook.java:290)
at org.apache.poi.xssf.usermodel.XSSFWorkbook.<init>(XSSFWorkbook.java:286)
at ashokitmaven.ashokitmaven.TestClass.readDataFromExcel(TestClass.java:52)
at java.base/java.util.ArrayList.forEach(ArrayList.java:1511)
... Removed 25 stack frames]]>
    </failure>
  </testcase> <!-- readDataFromExcel -->
  <testcase classname="ashokitmaven.ashokitmaven.TestClass" name="test1" time="10.769"/>
  <testcase classname="ashokitmaven.ashokitmaven.TestClass" name="test2" time="16.049"/>
  <testcase classname="ashokitmaven.ashokitmaven.TestClass" name="test3" time="7.888"/>
</testsuite> <!-- Test -->
