<?xml version="1.0" encoding="UTF-8"?>
<!-- Generated by org.testng.reporters.JUnitXMLReporter -->
<testsuite ignored="0" hostname="DESKTOP-GA3FTFK" failures="0" tests="3" name="Default test" time="25.982" errors="0" timestamp="2023-06-08T08:55:52 IST">
  <testcase classname="ashokitmaven.ashokitmaven.TestClass" name="test1" time="6.91"/>
  <testcase classname="ashokitmaven.ashokitmaven.TestClass" name="test2" time="12.55"/>
  <testcase classname="ashokitmaven.ashokitmaven.TestClass" name="test3" time="6.414"/>
</testsuite> <!-- Default test -->
